<?xml version="1.0" encoding="UTF-8" ?>
<testsuite tests="12" failures="0" name="test.LoginTest" time="1.512" errors="0" skipped="10">
  <properties>
    <property name="java.runtime.name" value="Java(TM) SE Runtime Environment"/>
    <property name="sun.boot.library.path" value="C:\Program Files\Java\jdk1.8.0_92\jre\bin"/>
    <property name="java.vm.version" value="25.92-b14"/>
    <property name="java.vm.vendor" value="Oracle Corporation"/>
    <property name="maven.multiModuleProjectDirectory" value="D:\IdeaProjects\CucumberFramework"/>
    <property name="java.vendor.url" value="http://java.oracle.com/"/>
    <property name="path.separator" value=";"/>
    <property name="guice.disable.misplaced.annotation.check" value="true"/>
    <property name="java.vm.name" value="Java HotSpot(TM) 64-Bit Server VM"/>
    <property name="file.encoding.pkg" value="sun.io"/>
    <property name="user.script" value=""/>
    <property name="user.country" value="IN"/>
    <property name="sun.java.launcher" value="SUN_STANDARD"/>
    <property name="sun.os.patch.level" value=""/>
    <property name="java.vm.specification.name" value="Java Virtual Machine Specification"/>
    <property name="user.dir" value="D:\IdeaProjects\CucumberFramework"/>
    <property name="java.runtime.version" value="1.8.0_92-b14"/>
    <property name="java.awt.graphicsenv" value="sun.awt.Win32GraphicsEnvironment"/>
    <property name="java.endorsed.dirs" value="C:\Program Files\Java\jdk1.8.0_92\jre\lib\endorsed"/>
    <property name="os.arch" value="amd64"/>
    <property name="java.io.tmpdir" value="C:\Users\aazaad\AppData\Local\Temp\"/>
    <property name="line.separator" value="
"/>
    <property name="java.vm.specification.vendor" value="Oracle Corporation"/>
    <property name="user.variant" value=""/>
    <property name="os.name" value="Windows 10"/>
    <property name="classworlds.conf" value="C:\Program Files\maven\apache-maven-3.3.9\bin\..\bin\m2.conf"/>
    <property name="sun.jnu.encoding" value="Cp1252"/>
    <property name="java.library.path" value="C:\Program Files\Java\jdk1.8.0_92\bin;C:\WINDOWS\Sun\Java\bin;C:\WINDOWS\system32;C:\WINDOWS;C:\Program Files\Docker\Docker\Resources\bin;C:\ProgramData\Oracle\Java\javapath;C:\Program Files\Java\jre1.8.0_101\bin;C:\Program Files\Java\jdk1.8.0_92\bin;C:\Python27\;C:\Python27\Scripts;C:\WINDOWS\system32;C:\WINDOWS;C:\WINDOWS\System32\Wbem;C:\WINDOWS\System32\WindowsPowerShell\v1.0\;C:\Program Files (x86)\Common Files\lenovo\easyplussdk\bin;C:\Program Files\Microsoft SQL Server\120\Tools\Binn\;C:\Program Files\Microsoft SQL Server\130\Tools\Binn\;c:\Program Files (x86)\Microsoft SQL Server\100\Tools\Binn\;c:\Program Files\Microsoft SQL Server\100\Tools\Binn\;c:\Program Files\Microsoft SQL Server\100\DTS\Binn\;C:\WINDOWS\system32\config\systemprofile\.dnx\bin;C:\Program Files\Microsoft DNX\Dnvm\;C:\Program Files (x86)\PuTTY\;C:\Program Files\TortoiseGit\bin;C:\Program Files\maven\apache-maven-3.3.9\bin;C:\Program Files (x86)\Skype\Phone\;C:\Program Files\Amazon\AWSCLI\;C:\Program Files\Git LFS;C:\Program Files\Git\cmd;F:\M1.AlertFind\Appliation\apache-ant-1.8.2-bin\apache-ant-1.8.2\bin;C:\Program Files (x86)\nodejs\;D:\IdeaProjects\CucumberFramework\src\main\resources\;C:\Users\aazaad\AppData\Local\Microsoft\WindowsApps;C:\Users\aazaad\AppData\Roaming\npm;;."/>
    <property name="java.specification.name" value="Java Platform API Specification"/>
    <property name="java.class.version" value="52.0"/>
    <property name="sun.management.compiler" value="HotSpot 64-Bit Tiered Compilers"/>
    <property name="os.version" value="10.0"/>
    <property name="user.home" value="C:\Users\aazaad"/>
    <property name="user.timezone" value="Asia/Calcutta"/>
    <property name="java.awt.printerjob" value="sun.awt.windows.WPrinterJob"/>
    <property name="java.specification.version" value="1.8"/>
    <property name="file.encoding" value="Cp1252"/>
    <property name="user.name" value="aazaad"/>
    <property name="java.class.path" value="C:\Program Files\maven\apache-maven-3.3.9\bin\..\boot\plexus-classworlds-2.5.2.jar"/>
    <property name="java.vm.specification.version" value="1.8"/>
    <property name="sun.arch.data.model" value="64"/>
    <property name="java.home" value="C:\Program Files\Java\jdk1.8.0_92\jre"/>
    <property name="sun.java.command" value="org.codehaus.plexus.classworlds.launcher.Launcher clean verify"/>
    <property name="java.specification.vendor" value="Oracle Corporation"/>
    <property name="user.language" value="en"/>
    <property name="awt.toolkit" value="sun.awt.windows.WToolkit"/>
    <property name="java.vm.info" value="mixed mode"/>
    <property name="java.version" value="1.8.0_92"/>
    <property name="java.ext.dirs" value="C:\Program Files\Java\jdk1.8.0_92\jre\lib\ext;C:\WINDOWS\Sun\Java\lib\ext"/>
    <property name="sun.boot.class.path" value="C:\Program Files\Java\jdk1.8.0_92\jre\lib\resources.jar;C:\Program Files\Java\jdk1.8.0_92\jre\lib\rt.jar;C:\Program Files\Java\jdk1.8.0_92\jre\lib\sunrsasign.jar;C:\Program Files\Java\jdk1.8.0_92\jre\lib\jsse.jar;C:\Program Files\Java\jdk1.8.0_92\jre\lib\jce.jar;C:\Program Files\Java\jdk1.8.0_92\jre\lib\charsets.jar;C:\Program Files\Java\jdk1.8.0_92\jre\lib\jfr.jar;C:\Program Files\Java\jdk1.8.0_92\jre\classes"/>
    <property name="sun.stderr.encoding" value="cp437"/>
    <property name="java.vendor" value="Oracle Corporation"/>
    <property name="maven.home" value="C:\Program Files\maven\apache-maven-3.3.9\bin\.."/>
    <property name="file.separator" value="\"/>
    <property name="java.vendor.url.bug" value="http://bugreport.sun.com/bugreport/"/>
    <property name="sun.cpu.endian" value="little"/>
    <property name="sun.io.unicode.encoding" value="UnicodeLittle"/>
    <property name="sun.stdout.encoding" value="cp437"/>
    <property name="sun.desktop" value="windows"/>
    <property name="sun.cpu.isalist" value="amd64"/>
  </properties>
  <testcase classname="Scenario: Check the HR Administrator user with valid credential is successfully logged in" name="Given the user is on the login page" time="0.162">
    <skipped/>
    <system-out>Feature: Check login functionality of HR Administrator page
</system-out>
  </testcase>
  <testcase classname="Scenario: Check the HR Administrator user with valid credential is successfully logged in" name="And enter the username as &quot;civihr_admin&quot;" time="0.164">
    <skipped/>
  </testcase>
  <testcase classname="Scenario: Check the HR Administrator user with valid credential is successfully logged in" name="And enter the password as &quot;civihr_admin&quot;" time="0.168">
    <skipped/>
  </testcase>
  <testcase classname="Scenario: Check the HR Administrator user with valid credential is successfully logged in" name="And click on the Log in button" time="0.173">
    <skipped/>
  </testcase>
  <testcase classname="Scenario: Check the HR Administrator user with valid credential is successfully logged in" name="Then check following menu labels are shown: home, Search, Staff, Tasks, Leave, Recruitment, Configure, Help" time="0.179">
    <skipped/>
  </testcase>
  <testcase classname="Scenario: Check the HR Administrator user with valid credential is successfully logged in" name="Scenario: Check the HR Administrator user with valid credential is successfully logged in" time="0.181">
    <skipped/>
  </testcase>
  <testcase classname="Scenario: Check the HR Administrator user with valid credential is successfully logged in" name="Scenario: Check the HR Administrator user with valid credential is successfully logged in" time="0.182"/>
  <testcase classname="Scenario: Check that edit account page is shown to the user" name="Given user is logged using the credentials &quot;civihr_admin&quot; and &quot;civihr_admin&quot;" time="0.053">
    <skipped/>
    <system-out>
  @login @regression @positive @smoke
  Scenario: Check the HR Administrator user with valid credential is successfully logged in                     &amp;#27;[90m# login.feature:3&amp;#27;[0m
    &amp;#27;[33mGiven &amp;#27;[0m&amp;#27;[33mthe user is on the login page&amp;#27;[0m
    &amp;#27;[33mAnd &amp;#27;[0m&amp;#27;[33menter the username as &quot;civihr_admin&quot;&amp;#27;[0m
    &amp;#27;[33mAnd &amp;#27;[0m&amp;#27;[33menter the password as &quot;civihr_admin&quot;&amp;#27;[0m
    &amp;#27;[33mAnd &amp;#27;[0m&amp;#27;[33mclick on the Log in button&amp;#27;[0m
    &amp;#27;[33mThen &amp;#27;[0m&amp;#27;[33mcheck following menu labels are shown: home, Search, Staff, Tasks, Leave, Recruitment, Configure, Help&amp;#27;[0m
</system-out>
  </testcase>
  <testcase classname="Scenario: Check that edit account page is shown to the user" name="And hover mouse over the user image on the right corner" time="0.059">
    <skipped/>
  </testcase>
  <testcase classname="Scenario: Check that edit account page is shown to the user" name="And click on Edit Account link" time="0.063">
    <skipped/>
  </testcase>
  <testcase classname="Scenario: Check that edit account page is shown to the user" name="Scenario: Check that edit account page is shown to the user" time="0.064">
    <skipped/>
  </testcase>
  <testcase classname="Scenario: Check that edit account page is shown to the user" name="Scenario: Check that edit account page is shown to the user" time="0.064"/>
</testsuite>